This file contains any messages produced by compilers while
running configure, to aid debugging if configure makes a mistake.

It was created by libuv configure 1.38.1, which was
generated by GNU Autoconf 2.69.  Invocation command line was

  $ ./configure --disable-shared

## --------- ##
## Platform. ##
## --------- ##

hostname = aaaaa
uname -m = x86_64
uname -r = 5.4.0-42-generic
uname -s = Linux
uname -v = #46-Ubuntu SMP Fri Jul 10 00:24:02 UTC 2020

/usr/bin/uname -p = x86_64
/bin/uname -X     = unknown

/bin/arch              = x86_64
/usr/bin/arch -k       = unknown
/usr/convex/getsysinfo = unknown
/usr/bin/hostinfo      = unknown
/bin/machine           = unknown
/usr/bin/oslevel       = unknown
/bin/universe          = unknown

PATH: /usr/local/sbin
PATH: /usr/local/bin
PATH: /usr/sbin
PATH: /usr/bin
PATH: /sbin
PATH: /bin
PATH: /usr/games
PATH: /usr/local/games
PATH: /snap/bin


## ----------- ##
## Core tests. ##
## ----------- ##

configure:2365: checking for a BSD-compatible install
configure:2433: result: /usr/bin/install -c
configure:2444: checking whether build environment is sane
configure:2499: result: yes
configure:2648: checking for a thread-safe mkdir -p
configure:2687: result: /usr/bin/mkdir -p
configure:2694: checking for gawk
configure:2710: found /usr/bin/gawk
configure:2721: result: gawk
configure:2732: checking whether make sets $(MAKE)
configure:2754: result: yes
configure:2783: checking whether make supports nested variables
configure:2800: result: yes
configure:2930: checking build system type
configure:2944: result: x86_64-pc-linux-gnu
configure:2964: checking host system type
configure:2977: result: x86_64-pc-linux-gnu
configure:3107: checking for gcc
configure:3123: found /usr/bin/gcc
configure:3134: result: gcc
configure:3363: checking for C compiler version
configure:3372: gcc --version >&5
gcc (Ubuntu 9.3.0-10ubuntu2) 9.3.0
Copyright (C) 2019 Free Software Foundation, Inc.
This is free software; see the source for copying conditions.  There is NO
warranty; not even for MERCHANTABILITY or FITNESS FOR A PARTICULAR PURPOSE.

configure:3383: $? = 0
configure:3372: gcc -v >&5
Using built-in specs.
COLLECT_GCC=gcc
COLLECT_LTO_WRAPPER=/usr/lib/gcc/x86_64-linux-gnu/9/lto-wrapper
OFFLOAD_TARGET_NAMES=nvptx-none:hsa
OFFLOAD_TARGET_DEFAULT=1
Target: x86_64-linux-gnu
Configured with: ../src/configure -v --with-pkgversion='Ubuntu 9.3.0-10ubuntu2' --with-bugurl=file:///usr/share/doc/gcc-9/README.Bugs --enable-languages=c,ada,c++,go,brig,d,fortran,objc,obj-c++,gm2 --prefix=/usr --with-gcc-major-version-only --program-suffix=-9 --program-prefix=x86_64-linux-gnu- --enable-shared --enable-linker-build-id --libexecdir=/usr/lib --without-included-gettext --enable-threads=posix --libdir=/usr/lib --enable-nls --enable-clocale=gnu --enable-libstdcxx-debug --enable-libstdcxx-time=yes --with-default-libstdcxx-abi=new --enable-gnu-unique-object --disable-vtable-verify --enable-plugin --enable-default-pie --with-system-zlib --with-target-system-zlib=auto --enable-objc-gc=auto --enable-multiarch --disable-werror --with-arch-32=i686 --with-abi=m64 --with-multilib-list=m32,m64,mx32 --enable-multilib --with-tune=generic --enable-offload-targets=nvptx-none,hsa --without-cuda-driver --enable-checking=release --build=x86_64-linux-gnu --host=x86_64-linux-gnu --target=x86_64-linux-gnu
Thread model: posix
gcc version 9.3.0 (Ubuntu 9.3.0-10ubuntu2) 
configure:3383: $? = 0
configure:3372: gcc -V >&5
gcc: error: unrecognized command line option '-V'
gcc: fatal error: no input files
compilation terminated.
configure:3383: $? = 1
configure:3372: gcc -qversion >&5
gcc: error: unrecognized command line option '-qversion'; did you mean '--version'?
gcc: fatal error: no input files
compilation terminated.
configure:3383: $? = 1
configure:3403: checking whether the C compiler works
configure:3425: gcc    conftest.c  >&5
configure:3429: $? = 0
configure:3477: result: yes
configure:3480: checking for C compiler default output file name
configure:3482: result: a.out
configure:3488: checking for suffix of executables
configure:3495: gcc -o conftest    conftest.c  >&5
configure:3499: $? = 0
configure:3521: result: 
configure:3543: checking whether we are cross compiling
configure:3551: gcc -o conftest    conftest.c  >&5
configure:3555: $? = 0
configure:3562: ./conftest
configure:3566: $? = 0
configure:3554: result: no
configure:3559: checking for suffix of object files
configure:3581: gcc -c   conftest.c >&5
configure:3585: $? = 0
configure:3606: result: o
configure:3610: checking whether we are using the GNU C compiler
configure:3629: gcc -c   conftest.c >&5
configure:3629: $? = 0
configure:3638: result: yes
configure:3647: checking whether gcc accepts -g
configure:3667: gcc -c -g  conftest.c >&5
configure:3667: $? = 0
configure:3708: result: yes
configure:3725: checking for gcc option to accept ISO C89
configure:3788: gcc  -c -g -O2  conftest.c >&5
configure:3788: $? = 0
configure:3801: result: none needed
configure:3826: checking whether gcc understands -c and -o together
configure:3848: gcc -c conftest.c -o conftest2.o
configure:3851: $? = 0
configure:3848: gcc -c conftest.c -o conftest2.o
configure:3851: $? = 0
configure:3863: result: yes
configure:3883: checking whether make supports the include directive
configure:3898: make -f confmf.GNU && cat confinc.out
this is the am__doit target
configure:3901: $? = 0
configure:3915: result: yes (GNU style)
configure:3940: checking dependency style of gcc
configure:4051: result: gcc3
configure:4069: checking for gcc way to treat warnings as errors
configure:4084: gcc -c -g -O2 -Werror  conftest.c >&5
configure:4084: $? = 0
configure:4127: result: -Werror
configure:4132: checking if gcc supports -fvisibility=hidden
configure:4149: gcc -c -g -O2 -Werror -fvisibility=hidden  conftest.c >&5
configure:4149: $? = 0
configure:4168: result: yes
configure:4181: checking if gcc supports -g flag
configure:4196: gcc -c -g -O2 -g  conftest.c >&5
configure:4196: $? = 0
configure:4213: result: yes
configure:4225: checking if gcc supports -std=gnu89 flag
configure:4240: gcc -c -g -O2 -g -std=gnu89  conftest.c >&5
configure:4240: $? = 0
configure:4257: result: yes
configure:4269: checking if gcc supports -Wall flag
configure:4284: gcc -c -g -O2 -g -std=gnu89 -Wall  conftest.c >&5
configure:4284: $? = 0
configure:4301: result: yes
configure:4313: checking if gcc supports -Wextra flag
configure:4328: gcc -c -g -O2 -g -std=gnu89 -Wall -Wextra  conftest.c >&5
configure:4328: $? = 0
configure:4345: result: yes
configure:4357: checking if gcc supports -Wno-long-long flag
configure:4372: gcc -c -g -O2 -g -std=gnu89 -Wall -Wextra -Wno-long-long  conftest.c >&5
configure:4372: $? = 0
configure:4389: result: yes
configure:4401: checking if gcc supports -Wno-unused-parameter flag
configure:4416: gcc -c -g -O2 -g -std=gnu89 -Wall -Wextra -Wno-long-long -Wno-unused-parameter  conftest.c >&5
configure:4416: $? = 0
configure:4433: result: yes
configure:4445: checking if gcc supports -Wstrict-prototypes flag
configure:4460: gcc -c -g -O2 -g -std=gnu89 -Wall -Wextra -Wno-long-long -Wno-unused-parameter -Wstrict-prototypes  conftest.c >&5
configure:4460: $? = 0
configure:4477: result: yes
configure:4536: checking for ar
configure:4552: found /usr/bin/ar
configure:4563: result: ar
configure:4589: checking the archiver (ar) interface
configure:4605: gcc -c -g -O2 -g -std=gnu89 -Wall -Wextra -Wno-long-long -Wno-unused-parameter -Wstrict-prototypes  conftest.c >&5
configure:4605: $? = 0
configure:4607: ar cru libconftest.a conftest.o >&5
ar: `u' modifier ignored since `D' is the default (see `U')
configure:4610: $? = 0
configure:4609: result: ar
configure:4676: checking how to print strings
configure:4703: result: printf
configure:4724: checking for a sed that does not truncate output
configure:4788: result: /usr/bin/sed
configure:4806: checking for grep that handles long lines and -e
configure:4864: result: /usr/bin/grep
configure:4869: checking for egrep
configure:4931: result: /usr/bin/grep -E
configure:4936: checking for fgrep
configure:4998: result: /usr/bin/grep -F
configure:5033: checking for ld used by gcc
configure:5100: result: /usr/bin/ld
configure:5107: checking if the linker (/usr/bin/ld) is GNU ld
configure:5122: result: yes
configure:5134: checking for BSD- or MS-compatible name lister (nm)
configure:5188: result: /usr/bin/nm -B
configure:5318: checking the name lister (/usr/bin/nm -B) interface
configure:5325: gcc -c -g -O2 -g -std=gnu89 -Wall -Wextra -Wno-long-long -Wno-unused-parameter -Wstrict-prototypes  conftest.c >&5
configure:5328: /usr/bin/nm -B "conftest.o"
configure:5331: output
0000000000000000 B some_variable
configure:5332: result: BSD nm
configure:5335: checking whether ln -s works
configure:5339: result: yes
configure:5347: checking the maximum length of command line arguments
configure:5478: result: 1572864
configure:5526: checking how to convert x86_64-pc-linux-gnu file names to x86_64-pc-linux-gnu format
configure:5566: result: func_convert_file_noop
configure:5573: checking how to convert x86_64-pc-linux-gnu file names to toolchain format
configure:5593: result: func_convert_file_noop
configure:5600: checking for /usr/bin/ld option to reload object files
configure:5607: result: -r
configure:5681: checking for objdump
configure:5697: found /usr/bin/objdump
configure:5708: result: objdump
configure:5740: checking how to recognize dependent libraries
configure:5940: result: pass_all
configure:6025: checking for dlltool
configure:6055: result: no
configure:6085: checking how to associate runtime and link libraries
configure:6112: result: printf %s\n
configure:6236: checking for archiver @FILE support
configure:6253: gcc -c -g -O2 -g -std=gnu89 -Wall -Wextra -Wno-long-long -Wno-unused-parameter -Wstrict-prototypes  conftest.c >&5
conftest.c:14:1: warning: function declaration isn't a prototype [-Wstrict-prototypes]
   14 | main ()
      | ^~~~
configure:6253: $? = 0
configure:6256: ar cr libconftest.a @conftest.lst >&5
configure:6259: $? = 0
configure:6264: ar cr libconftest.a @conftest.lst >&5
ar: conftest.o: No such file or directory
configure:6267: $? = 1
configure:6266: result: @
configure:6324: checking for strip
configure:6340: found /usr/bin/strip
configure:6351: result: strip
configure:6423: checking for ranlib
configure:6439: found /usr/bin/ranlib
configure:6450: result: ranlib
configure:6552: checking command to parse /usr/bin/nm -B output from gcc object
configure:6705: gcc -c -g -O2 -g -std=gnu89 -Wall -Wextra -Wno-long-long -Wno-unused-parameter -Wstrict-prototypes  conftest.c >&5
conftest.c:10:5: warning: function declaration isn't a prototype [-Wstrict-prototypes]
   10 | int main(){nm_test_var='a';nm_test_func();return(0);}
      |     ^~~~
configure:6708: $? = 0
configure:6712: /usr/bin/nm -B conftest.o | sed -n -e 's/^.*[	 ]\([ABCDGIRSTW][ABCDGIRSTW]*\)[	 ][	 ]*\([_A-Za-z][_A-Za-z0-9]*\)$/\1 \2 \2/p' | sed '/ __gnu_lto/d' > conftest.nm
configure:6778: gcc -o conftest -g -O2 -g -std=gnu89 -Wall -Wextra -Wno-long-long -Wno-unused-parameter -Wstrict-prototypes   conftest.c conftstm.o >&5
conftest.c:18:1: warning: function declaration isn't a prototype [-Wstrict-prototypes]
   18 | extern int nm_test_func();
      | ^~~~~~
configure:6781: $? = 0
configure:6819: result: ok
configure:6866: checking for sysroot
configure:6896: result: no
configure:6903: checking for a working dd
configure:6941: result: /usr/bin/dd
configure:6945: checking how to truncate binary pipes
configure:6960: result: /usr/bin/dd bs=4096 count=1
configure:7096: gcc -c -g -O2 -g -std=gnu89 -Wall -Wextra -Wno-long-long -Wno-unused-parameter -Wstrict-prototypes  conftest.c >&5
configure:7099: $? = 0
configure:7289: checking for mt
configure:7305: found /usr/bin/mt
configure:7316: result: mt
configure:7339: checking if mt is a manifest tool
configure:7345: mt '-?'
configure:7353: result: no
configure:8030: checking how to run the C preprocessor
configure:8061: gcc -E  conftest.c
configure:8061: $? = 0
configure:8075: gcc -E  conftest.c
conftest.c:12:10: fatal error: ac_nonexistent.h: No such file or directory
   12 | #include <ac_nonexistent.h>
      |          ^~~~~~~~~~~~~~~~~~
compilation terminated.
configure:8075: $? = 1
configure: failed program was:
| /* confdefs.h */
| #define PACKAGE_NAME "libuv"
| #define PACKAGE_TARNAME "libuv"
| #define PACKAGE_VERSION "1.38.1"
| #define PACKAGE_STRING "libuv 1.38.1"
| #define PACKAGE_BUGREPORT "https://github.com/libuv/libuv/issues"
| #define PACKAGE_URL ""
| #define PACKAGE "libuv"
| #define VERSION "1.38.1"
| #define SUPPORT_FLAG_VISIBILITY 1
| /* end confdefs.h.  */
| #include <ac_nonexistent.h>
configure:8100: result: gcc -E
configure:8120: gcc -E  conftest.c
configure:8120: $? = 0
configure:8134: gcc -E  conftest.c
conftest.c:12:10: fatal error: ac_nonexistent.h: No such file or directory
   12 | #include <ac_nonexistent.h>
      |          ^~~~~~~~~~~~~~~~~~
compilation terminated.
configure:8134: $? = 1
configure: failed program was:
| /* confdefs.h */
| #define PACKAGE_NAME "libuv"
| #define PACKAGE_TARNAME "libuv"
| #define PACKAGE_VERSION "1.38.1"
| #define PACKAGE_STRING "libuv 1.38.1"
| #define PACKAGE_BUGREPORT "https://github.com/libuv/libuv/issues"
| #define PACKAGE_URL ""
| #define PACKAGE "libuv"
| #define VERSION "1.38.1"
| #define SUPPORT_FLAG_VISIBILITY 1
| /* end confdefs.h.  */
| #include <ac_nonexistent.h>
configure:8163: checking for ANSI C header files
configure:8183: gcc -c -g -O2 -g -std=gnu89 -Wall -Wextra -Wno-long-long -Wno-unused-parameter -Wstrict-prototypes  conftest.c >&5
conftest.c:18:1: warning: function declaration isn't a prototype [-Wstrict-prototypes]
   18 | main ()
      | ^~~~
configure:8183: $? = 0
configure:8256: gcc -o conftest -g -O2 -g -std=gnu89 -Wall -Wextra -Wno-long-long -Wno-unused-parameter -Wstrict-prototypes   conftest.c  >&5
conftest.c:24:1: warning: function declaration isn't a prototype [-Wstrict-prototypes]
   24 | main ()
      | ^~~~
configure:8256: $? = 0
configure:8256: ./conftest
configure:8256: $? = 0
configure:8267: result: yes
configure:8280: checking for sys/types.h
configure:8280: gcc -c -g -O2 -g -std=gnu89 -Wall -Wextra -Wno-long-long -Wno-unused-parameter -Wstrict-prototypes  conftest.c >&5
configure:8280: $? = 0
configure:8280: result: yes
configure:8280: checking for sys/stat.h
configure:8280: gcc -c -g -O2 -g -std=gnu89 -Wall -Wextra -Wno-long-long -Wno-unused-parameter -Wstrict-prototypes  conftest.c >&5
configure:8280: $? = 0
configure:8280: result: yes
configure:8280: checking for stdlib.h
configure:8280: gcc -c -g -O2 -g -std=gnu89 -Wall -Wextra -Wno-long-long -Wno-unused-parameter -Wstrict-prototypes  conftest.c >&5
configure:8280: $? = 0
configure:8280: result: yes
configure:8280: checking for string.h
configure:8280: gcc -c -g -O2 -g -std=gnu89 -Wall -Wextra -Wno-long-long -Wno-unused-parameter -Wstrict-prototypes  conftest.c >&5
configure:8280: $? = 0
configure:8280: result: yes
configure:8280: checking for memory.h
configure:8280: gcc -c -g -O2 -g -std=gnu89 -Wall -Wextra -Wno-long-long -Wno-unused-parameter -Wstrict-prototypes  conftest.c >&5
configure:8280: $? = 0
configure:8280: result: yes
configure:8280: checking for strings.h
configure:8280: gcc -c -g -O2 -g -std=gnu89 -Wall -Wextra -Wno-long-long -Wno-unused-parameter -Wstrict-prototypes  conftest.c >&5
configure:8280: $? = 0
configure:8280: result: yes
configure:8280: checking for inttypes.h
configure:8280: gcc -c -g -O2 -g -std=gnu89 -Wall -Wextra -Wno-long-long -Wno-unused-parameter -Wstrict-prototypes  conftest.c >&5
configure:8280: $? = 0
configure:8280: result: yes
configure:8280: checking for stdint.h
configure:8280: gcc -c -g -O2 -g -std=gnu89 -Wall -Wextra -Wno-long-long -Wno-unused-parameter -Wstrict-prototypes  conftest.c >&5
configure:8280: $? = 0
configure:8280: result: yes
configure:8280: checking for unistd.h
configure:8280: gcc -c -g -O2 -g -std=gnu89 -Wall -Wextra -Wno-long-long -Wno-unused-parameter -Wstrict-prototypes  conftest.c >&5
configure:8280: $? = 0
configure:8280: result: yes
configure:8294: checking for dlfcn.h
configure:8294: gcc -c -g -O2 -g -std=gnu89 -Wall -Wextra -Wno-long-long -Wno-unused-parameter -Wstrict-prototypes  conftest.c >&5
configure:8294: $? = 0
configure:8294: result: yes
configure:8490: checking for objdir
configure:8505: result: .libs
configure:8769: checking if gcc supports -fno-rtti -fno-exceptions
configure:8787: gcc -c -g -O2 -g -std=gnu89 -Wall -Wextra -Wno-long-long -Wno-unused-parameter -Wstrict-prototypes  -fno-rtti -fno-exceptions conftest.c >&5
cc1: warning: command line option '-fno-rtti' is valid for C++/D/ObjC++ but not for C
configure:8791: $? = 0
configure:8804: result: no
configure:9168: checking for gcc option to produce PIC
configure:9175: result: -fPIC -DPIC
configure:9183: checking if gcc PIC flag -fPIC -DPIC works
configure:9201: gcc -c -g -O2 -g -std=gnu89 -Wall -Wextra -Wno-long-long -Wno-unused-parameter -Wstrict-prototypes  -fPIC -DPIC -DPIC conftest.c >&5
configure:9205: $? = 0
configure:9218: result: yes
configure:9247: checking if gcc static flag -static works
conftest.c:1:5: warning: function declaration isn't a prototype [-Wstrict-prototypes]
    1 | int main(){return(0);}
      |     ^~~~
configure:9275: result: yes
configure:9290: checking if gcc supports -c -o file.o
configure:9311: gcc -c -g -O2 -g -std=gnu89 -Wall -Wextra -Wno-long-long -Wno-unused-parameter -Wstrict-prototypes  -o out/conftest2.o conftest.c >&5
configure:9315: $? = 0
configure:9337: result: yes
configure:9345: checking if gcc supports -c -o file.o
configure:9392: result: yes
configure:9425: checking whether the gcc linker (/usr/bin/ld -m elf_x86_64) supports shared libraries
configure:10688: result: yes
configure:10928: checking dynamic linker characteristics
configure:11509: gcc -o conftest -g -O2 -g -std=gnu89 -Wall -Wextra -Wno-long-long -Wno-unused-parameter -Wstrict-prototypes   -Wl,-rpath -Wl,/foo conftest.c  >&5
conftest.c:26:1: warning: function declaration isn't a prototype [-Wstrict-prototypes]
   26 | main ()
      | ^~~~
configure:11509: $? = 0
configure:11758: result: GNU/Linux ld.so
configure:11880: checking how to hardcode library paths into programs
configure:11905: result: immediate
configure:12453: checking whether stripping libraries is possible
configure:12458: result: yes
configure:12493: checking if libtool supports shared libraries
configure:12495: result: yes
configure:12498: checking whether to build shared libraries
configure:12523: result: no
configure:12526: checking whether to build static libraries
configure:12530: result: yes
configure:9354: checking whether make supports nested variables
configure:9371: result: yes
configure:9566: checking whether gcc is Clang
configure:9591: result: no
configure:9714: checking whether pthreads work with -pthread
configure:9808: gcc -o conftest -g -O2 -g -std=gnu89 -Wall -Wextra -Wno-long-long -Wno-unused-parameter -Wstrict-prototypes -pthread   conftest.c   >&5
conftest.c: In function 'routine':
conftest.c:28:51: warning: parameter 'a' set but not used [-Wunused-but-set-parameter]
   28 |                         static void routine(void *a) { a = 0; }
      |                                             ~~~~~~^
conftest.c: At top level:
conftest.c:31:1: warning: function declaration isn't a prototype [-Wstrict-prototypes]
   31 | main ()
      | ^~~~
configure:9808: $? = 0
configure:9817: result: yes
configure:9836: checking for joinable pthread attribute
configure:9854: gcc -o conftest -g -O2 -g -std=gnu89 -Wall -Wextra -Wno-long-long -Wno-unused-parameter -Wstrict-prototypes -pthread   conftest.c   >&5
conftest.c:26:1: warning: function declaration isn't a prototype [-Wstrict-prototypes]
   26 | main ()
      | ^~~~
configure:9854: $? = 0
configure:9862: result: PTHREAD_CREATE_JOINABLE
configure:9876: checking whether more special flags are required for pthreads
configure:9889: result: no
configure:9897: checking for PTHREAD_PRIO_INHERIT
configure:9913: gcc -o conftest -g -O2 -g -std=gnu89 -Wall -Wextra -Wno-long-long -Wno-unused-parameter -Wstrict-prototypes -pthread   conftest.c   >&5
conftest.c:26:1: warning: function declaration isn't a prototype [-Wstrict-prototypes]
   26 | main ()
      | ^~~~
conftest.c: In function 'main':
conftest.c:28:5: warning: unused variable 'i' [-Wunused-variable]
   28 | int i = PTHREAD_PRIO_INHERIT;
      |     ^
configure:9913: $? = 0
configure:9922: result: yes
configure:10020: checking for dlopen in -ldl
configure:10045: gcc -o conftest -g -O2 -g -std=gnu89 -Wall -Wextra -Wno-long-long -Wno-unused-parameter -Wstrict-prototypes -pthread   conftest.c -ldl    >&5
conftest.c:32:1: warning: function declaration isn't a prototype [-Wstrict-prototypes]
   32 | char dlopen ();
      | ^~~~
conftest.c:34:1: warning: function declaration isn't a prototype [-Wstrict-prototypes]
   34 | main ()
      | ^~~~
configure:10045: $? = 0
configure:10054: result: yes
configure:10065: checking for library containing kstat_lookup
configure:10096: gcc -o conftest -g -O2 -g -std=gnu89 -Wall -Wextra -Wno-long-long -Wno-unused-parameter -Wstrict-prototypes -pthread   conftest.c -ldl   >&5
conftest.c:33:1: warning: function declaration isn't a prototype [-Wstrict-prototypes]
   33 | char kstat_lookup ();
      | ^~~~
conftest.c:35:1: warning: function declaration isn't a prototype [-Wstrict-prototypes]
   35 | main ()
      | ^~~~
/usr/bin/ld: /tmp/ccnoZbnk.o: in function `main':
/root/xmrig/scripts/build/libuv-1.38.1/conftest.c:37: undefined reference to `kstat_lookup'
collect2: error: ld returned 1 exit status
configure:10096: $? = 1
configure: failed program was:
| /* confdefs.h */
| #define PACKAGE_NAME "libuv"
| #define PACKAGE_TARNAME "libuv"
| #define PACKAGE_VERSION "1.38.1"
| #define PACKAGE_STRING "libuv 1.38.1"
| #define PACKAGE_BUGREPORT "https://github.com/libuv/libuv/issues"
| #define PACKAGE_URL ""
| #define PACKAGE "libuv"
| #define VERSION "1.38.1"
| #define SUPPORT_FLAG_VISIBILITY 1
| #define STDC_HEADERS 1
| #define HAVE_SYS_TYPES_H 1
| #define HAVE_SYS_STAT_H 1
| #define HAVE_STDLIB_H 1
| #define HAVE_STRING_H 1
| #define HAVE_MEMORY_H 1
| #define HAVE_STRINGS_H 1
| #define HAVE_INTTYPES_H 1
| #define HAVE_STDINT_H 1
| #define HAVE_UNISTD_H 1
| #define HAVE_DLFCN_H 1
| #define LT_OBJDIR ".libs/"
| #define HAVE_PTHREAD_PRIO_INHERIT 1
| #define HAVE_LIBDL 1
| /* end confdefs.h.  */
| 
| /* Override any GCC internal prototype to avoid an error.
|    Use char because int might match the return type of a GCC
|    builtin and then its argument prototype would still apply.  */
| #ifdef __cplusplus
| extern "C"
| #endif
| char kstat_lookup ();
| int
| main ()
| {
| return kstat_lookup ();
|   ;
|   return 0;
| }
configure:10096: gcc -o conftest -g -O2 -g -std=gnu89 -Wall -Wextra -Wno-long-long -Wno-unused-parameter -Wstrict-prototypes -pthread   conftest.c -lkstat  -ldl   >&5
conftest.c:33:1: warning: function declaration isn't a prototype [-Wstrict-prototypes]
   33 | char kstat_lookup ();
      | ^~~~
conftest.c:35:1: warning: function declaration isn't a prototype [-Wstrict-prototypes]
   35 | main ()
      | ^~~~
/usr/bin/ld: cannot find -lkstat
collect2: error: ld returned 1 exit status
configure:10096: $? = 1
configure: failed program was:
| /* confdefs.h */
| #define PACKAGE_NAME "libuv"
| #define PACKAGE_TARNAME "libuv"
| #define PACKAGE_VERSION "1.38.1"
| #define PACKAGE_STRING "libuv 1.38.1"
| #define PACKAGE_BUGREPORT "https://github.com/libuv/libuv/issues"
| #define PACKAGE_URL ""
| #define PACKAGE "libuv"
| #define VERSION "1.38.1"
| #define SUPPORT_FLAG_VISIBILITY 1
| #define STDC_HEADERS 1
| #define HAVE_SYS_TYPES_H 1
| #define HAVE_SYS_STAT_H 1
| #define HAVE_STDLIB_H 1
| #define HAVE_STRING_H 1
| #define HAVE_MEMORY_H 1
| #define HAVE_STRINGS_H 1
| #define HAVE_INTTYPES_H 1
| #define HAVE_STDINT_H 1
| #define HAVE_UNISTD_H 1
| #define HAVE_DLFCN_H 1
| #define LT_OBJDIR ".libs/"
| #define HAVE_PTHREAD_PRIO_INHERIT 1
| #define HAVE_LIBDL 1
| /* end confdefs.h.  */
| 
| /* Override any GCC internal prototype to avoid an error.
|    Use char because int might match the return type of a GCC
|    builtin and then its argument prototype would still apply.  */
| #ifdef __cplusplus
| extern "C"
| #endif
| char kstat_lookup ();
| int
| main ()
| {
| return kstat_lookup ();
|   ;
|   return 0;
| }
configure:10113: result: no
configure:10121: checking for library containing gethostbyname
configure:10152: gcc -o conftest -g -O2 -g -std=gnu89 -Wall -Wextra -Wno-long-long -Wno-unused-parameter -Wstrict-prototypes -pthread   conftest.c -ldl   >&5
conftest.c:33:1: warning: function declaration isn't a prototype [-Wstrict-prototypes]
   33 | char gethostbyname ();
      | ^~~~
conftest.c:35:1: warning: function declaration isn't a prototype [-Wstrict-prototypes]
   35 | main ()
      | ^~~~
configure:10152: $? = 0
configure:10169: result: none required
configure:10177: checking for library containing perfstat_cpu
configure:10208: gcc -o conftest -g -O2 -g -std=gnu89 -Wall -Wextra -Wno-long-long -Wno-unused-parameter -Wstrict-prototypes -pthread   conftest.c -ldl   >&5
conftest.c:33:1: warning: function declaration isn't a prototype [-Wstrict-prototypes]
   33 | char perfstat_cpu ();
      | ^~~~
conftest.c:35:1: warning: function declaration isn't a prototype [-Wstrict-prototypes]
   35 | main ()
      | ^~~~
/usr/bin/ld: /tmp/cc7Cahss.o: in function `main':
/root/xmrig/scripts/build/libuv-1.38.1/conftest.c:37: undefined reference to `perfstat_cpu'
collect2: error: ld returned 1 exit status
configure:10208: $? = 1
configure: failed program was:
| /* confdefs.h */
| #define PACKAGE_NAME "libuv"
| #define PACKAGE_TARNAME "libuv"
| #define PACKAGE_VERSION "1.38.1"
| #define PACKAGE_STRING "libuv 1.38.1"
| #define PACKAGE_BUGREPORT "https://github.com/libuv/libuv/issues"
| #define PACKAGE_URL ""
| #define PACKAGE "libuv"
| #define VERSION "1.38.1"
| #define SUPPORT_FLAG_VISIBILITY 1
| #define STDC_HEADERS 1
| #define HAVE_SYS_TYPES_H 1
| #define HAVE_SYS_STAT_H 1
| #define HAVE_STDLIB_H 1
| #define HAVE_STRING_H 1
| #define HAVE_MEMORY_H 1
| #define HAVE_STRINGS_H 1
| #define HAVE_INTTYPES_H 1
| #define HAVE_STDINT_H 1
| #define HAVE_UNISTD_H 1
| #define HAVE_DLFCN_H 1
| #define LT_OBJDIR ".libs/"
| #define HAVE_PTHREAD_PRIO_INHERIT 1
| #define HAVE_LIBDL 1
| /* end confdefs.h.  */
| 
| /* Override any GCC internal prototype to avoid an error.
|    Use char because int might match the return type of a GCC
|    builtin and then its argument prototype would still apply.  */
| #ifdef __cplusplus
| extern "C"
| #endif
| char perfstat_cpu ();
| int
| main ()
| {
| return perfstat_cpu ();
|   ;
|   return 0;
| }
configure:10208: gcc -o conftest -g -O2 -g -std=gnu89 -Wall -Wextra -Wno-long-long -Wno-unused-parameter -Wstrict-prototypes -pthread   conftest.c -lperfstat  -ldl   >&5
conftest.c:33:1: warning: function declaration isn't a prototype [-Wstrict-prototypes]
   33 | char perfstat_cpu ();
      | ^~~~
conftest.c:35:1: warning: function declaration isn't a prototype [-Wstrict-prototypes]
   35 | main ()
      | ^~~~
/usr/bin/ld: cannot find -lperfstat
collect2: error: ld returned 1 exit status
configure:10208: $? = 1
configure: failed program was:
| /* confdefs.h */
| #define PACKAGE_NAME "libuv"
| #define PACKAGE_TARNAME "libuv"
| #define PACKAGE_VERSION "1.38.1"
| #define PACKAGE_STRING "libuv 1.38.1"
| #define PACKAGE_BUGREPORT "https://github.com/libuv/libuv/issues"
| #define PACKAGE_URL ""
| #define PACKAGE "libuv"
| #define VERSION "1.38.1"
| #define SUPPORT_FLAG_VISIBILITY 1
| #define STDC_HEADERS 1
| #define HAVE_SYS_TYPES_H 1
| #define HAVE_SYS_STAT_H 1
| #define HAVE_STDLIB_H 1
| #define HAVE_STRING_H 1
| #define HAVE_MEMORY_H 1
| #define HAVE_STRINGS_H 1
| #define HAVE_INTTYPES_H 1
| #define HAVE_STDINT_H 1
| #define HAVE_UNISTD_H 1
| #define HAVE_DLFCN_H 1
| #define LT_OBJDIR ".libs/"
| #define HAVE_PTHREAD_PRIO_INHERIT 1
| #define HAVE_LIBDL 1
| /* end confdefs.h.  */
| 
| /* Override any GCC internal prototype to avoid an error.
|    Use char because int might match the return type of a GCC
|    builtin and then its argument prototype would still apply.  */
| #ifdef __cplusplus
| extern "C"
| #endif
| char perfstat_cpu ();
| int
| main ()
| {
| return perfstat_cpu ();
|   ;
|   return 0;
| }
configure:10225: result: no
configure:10233: checking for library containing clock_gettime
configure:10264: gcc -o conftest -g -O2 -g -std=gnu89 -Wall -Wextra -Wno-long-long -Wno-unused-parameter -Wstrict-prototypes -pthread   conftest.c -ldl   >&5
conftest.c:33:1: warning: function declaration isn't a prototype [-Wstrict-prototypes]
   33 | char clock_gettime ();
      | ^~~~
conftest.c:35:1: warning: function declaration isn't a prototype [-Wstrict-prototypes]
   35 | main ()
      | ^~~~
configure:10264: $? = 0
configure:10281: result: none required
configure:10289: checking for library containing sendfile
configure:10320: gcc -o conftest -g -O2 -g -std=gnu89 -Wall -Wextra -Wno-long-long -Wno-unused-parameter -Wstrict-prototypes -pthread   conftest.c -ldl   >&5
conftest.c:33:1: warning: function declaration isn't a prototype [-Wstrict-prototypes]
   33 | char sendfile ();
      | ^~~~
conftest.c:35:1: warning: function declaration isn't a prototype [-Wstrict-prototypes]
   35 | main ()
      | ^~~~
configure:10320: $? = 0
configure:10337: result: none required
configure:10345: checking for library containing socket
configure:10376: gcc -o conftest -g -O2 -g -std=gnu89 -Wall -Wextra -Wno-long-long -Wno-unused-parameter -Wstrict-prototypes -pthread   conftest.c -ldl   >&5
conftest.c:33:1: warning: function declaration isn't a prototype [-Wstrict-prototypes]
   33 | char socket ();
      | ^~~~
conftest.c:35:1: warning: function declaration isn't a prototype [-Wstrict-prototypes]
   35 | main ()
      | ^~~~
configure:10376: $? = 0
configure:10393: result: none required
configure:10408: checking for special C compiler options needed for large files
configure:10453: result: no
configure:10459: checking for _FILE_OFFSET_BITS value needed for large files
configure:10484: gcc -c -g -O2 -g -std=gnu89 -Wall -Wextra -Wno-long-long -Wno-unused-parameter -Wstrict-prototypes -pthread  conftest.c >&5
conftest.c:36:1: warning: function declaration isn't a prototype [-Wstrict-prototypes]
   36 | main ()
      | ^~~~
configure:10484: $? = 0
configure:10516: result: no
configure:10841: checking sys/ahafs_evProds.h usability
configure:10841: gcc -c -g -O2 -g -std=gnu89 -Wall -Wextra -Wno-long-long -Wno-unused-parameter -Wstrict-prototypes -pthread  conftest.c >&5
conftest.c:59:10: fatal error: sys/ahafs_evProds.h: No such file or directory
   59 | #include <sys/ahafs_evProds.h>
      |          ^~~~~~~~~~~~~~~~~~~~~
compilation terminated.
configure:10841: $? = 1
configure: failed program was:
| /* confdefs.h */
| #define PACKAGE_NAME "libuv"
| #define PACKAGE_TARNAME "libuv"
| #define PACKAGE_VERSION "1.38.1"
| #define PACKAGE_STRING "libuv 1.38.1"
| #define PACKAGE_BUGREPORT "https://github.com/libuv/libuv/issues"
| #define PACKAGE_URL ""
| #define PACKAGE "libuv"
| #define VERSION "1.38.1"
| #define SUPPORT_FLAG_VISIBILITY 1
| #define STDC_HEADERS 1
| #define HAVE_SYS_TYPES_H 1
| #define HAVE_SYS_STAT_H 1
| #define HAVE_STDLIB_H 1
| #define HAVE_STRING_H 1
| #define HAVE_MEMORY_H 1
| #define HAVE_STRINGS_H 1
| #define HAVE_INTTYPES_H 1
| #define HAVE_STDINT_H 1
| #define HAVE_UNISTD_H 1
| #define HAVE_DLFCN_H 1
| #define LT_OBJDIR ".libs/"
| #define HAVE_PTHREAD_PRIO_INHERIT 1
| #define HAVE_LIBDL 1
| /* end confdefs.h.  */
| #include <stdio.h>
| #ifdef HAVE_SYS_TYPES_H
| # include <sys/types.h>
| #endif
| #ifdef HAVE_SYS_STAT_H
| # include <sys/stat.h>
| #endif
| #ifdef STDC_HEADERS
| # include <stdlib.h>
| # include <stddef.h>
| #else
| # ifdef HAVE_STDLIB_H
| #  include <stdlib.h>
| # endif
| #endif
| #ifdef HAVE_STRING_H
| # if !defined STDC_HEADERS && defined HAVE_MEMORY_H
| #  include <memory.h>
| # endif
| # include <string.h>
| #endif
| #ifdef HAVE_STRINGS_H
| # include <strings.h>
| #endif
| #ifdef HAVE_INTTYPES_H
| # include <inttypes.h>
| #endif
| #ifdef HAVE_STDINT_H
| # include <stdint.h>
| #endif
| #ifdef HAVE_UNISTD_H
| # include <unistd.h>
| #endif
| #include <sys/ahafs_evProds.h>
configure:10841: result: no
configure:10841: checking sys/ahafs_evProds.h presence
configure:10841: gcc -E  conftest.c
conftest.c:26:10: fatal error: sys/ahafs_evProds.h: No such file or directory
   26 | #include <sys/ahafs_evProds.h>
      |          ^~~~~~~~~~~~~~~~~~~~~
compilation terminated.
configure:10841: $? = 1
configure: failed program was:
| /* confdefs.h */
| #define PACKAGE_NAME "libuv"
| #define PACKAGE_TARNAME "libuv"
| #define PACKAGE_VERSION "1.38.1"
| #define PACKAGE_STRING "libuv 1.38.1"
| #define PACKAGE_BUGREPORT "https://github.com/libuv/libuv/issues"
| #define PACKAGE_URL ""
| #define PACKAGE "libuv"
| #define VERSION "1.38.1"
| #define SUPPORT_FLAG_VISIBILITY 1
| #define STDC_HEADERS 1
| #define HAVE_SYS_TYPES_H 1
| #define HAVE_SYS_STAT_H 1
| #define HAVE_STDLIB_H 1
| #define HAVE_STRING_H 1
| #define HAVE_MEMORY_H 1
| #define HAVE_STRINGS_H 1
| #define HAVE_INTTYPES_H 1
| #define HAVE_STDINT_H 1
| #define HAVE_UNISTD_H 1
| #define HAVE_DLFCN_H 1
| #define LT_OBJDIR ".libs/"
| #define HAVE_PTHREAD_PRIO_INHERIT 1
| #define HAVE_LIBDL 1
| /* end confdefs.h.  */
| #include <sys/ahafs_evProds.h>
configure:10841: result: no
configure:10841: checking for sys/ahafs_evProds.h
configure:10841: result: no
configure:10996: checking that generated files are newer than configure
configure:11002: result: done
configure:11089: creating ./config.status

## ---------------------- ##
## Running config.status. ##
## ---------------------- ##

This file was extended by libuv config.status 1.38.1, which was
generated by GNU Autoconf 2.69.  Invocation command line was

  CONFIG_FILES    = 
  CONFIG_HEADERS  = 
  CONFIG_LINKS    = 
  CONFIG_COMMANDS = 
  $ ./config.status 

on aaaaa

config.status:1045: creating Makefile
config.status:1045: creating libuv.pc
config.status:1248: executing depfiles commands
config.status:1321: cd .       && sed -e '/# am--include-marker/d' Makefile         | make -f - am--depfiles
config.status:1326: $? = 0
config.status:1248: executing libtool commands

## ---------------- ##
## Cache variables. ##
## ---------------- ##

ac_cv_build=x86_64-pc-linux-gnu
ac_cv_c_compiler_gnu=yes
ac_cv_env_CC_set=
ac_cv_env_CC_value=
ac_cv_env_CFLAGS_set=
ac_cv_env_CFLAGS_value=
ac_cv_env_CPPFLAGS_set=
ac_cv_env_CPPFLAGS_value=
ac_cv_env_CPP_set=
ac_cv_env_CPP_value=
ac_cv_env_LDFLAGS_set=
ac_cv_env_LDFLAGS_value=
ac_cv_env_LIBS_set=
ac_cv_env_LIBS_value=
ac_cv_env_LT_SYS_LIBRARY_PATH_set=
ac_cv_env_LT_SYS_LIBRARY_PATH_value=
ac_cv_env_build_alias_set=
ac_cv_env_build_alias_value=
ac_cv_env_host_alias_set=
ac_cv_env_host_alias_value=
ac_cv_env_target_alias_set=
ac_cv_env_target_alias_value=
ac_cv_header_dlfcn_h=yes
ac_cv_header_inttypes_h=yes
ac_cv_header_memory_h=yes
ac_cv_header_stdc=yes
ac_cv_header_stdint_h=yes
ac_cv_header_stdlib_h=yes
ac_cv_header_string_h=yes
ac_cv_header_strings_h=yes
ac_cv_header_sys_ahafs_evProds_h=no
ac_cv_header_sys_stat_h=yes
ac_cv_header_sys_types_h=yes
ac_cv_header_unistd_h=yes
ac_cv_host=x86_64-pc-linux-gnu
ac_cv_lib_dl_dlopen=yes
ac_cv_objext=o
ac_cv_path_EGREP='/usr/bin/grep -E'
ac_cv_path_FGREP='/usr/bin/grep -F'
ac_cv_path_GREP=/usr/bin/grep
ac_cv_path_SED=/usr/bin/sed
ac_cv_path_install='/usr/bin/install -c'
ac_cv_path_lt_DD=/usr/bin/dd
ac_cv_path_mkdir=/usr/bin/mkdir
ac_cv_prog_AWK=gawk
ac_cv_prog_CPP='gcc -E'
ac_cv_prog_ac_ct_AR=ar
ac_cv_prog_ac_ct_CC=gcc
ac_cv_prog_ac_ct_MANIFEST_TOOL=mt
ac_cv_prog_ac_ct_OBJDUMP=objdump
ac_cv_prog_ac_ct_RANLIB=ranlib
ac_cv_prog_ac_ct_STRIP=strip
ac_cv_prog_cc_c89=
ac_cv_prog_cc_g=yes
ac_cv_prog_make_make_set=yes
ac_cv_search_clock_gettime='none required'
ac_cv_search_gethostbyname='none required'
ac_cv_search_kstat_lookup=no
ac_cv_search_perfstat_cpu=no
ac_cv_search_sendfile='none required'
ac_cv_search_socket='none required'
ac_cv_sys_file_offset_bits=no
ac_cv_sys_largefile_CC=no
am_cv_CC_dependencies_compiler_type=gcc3
am_cv_ar_interface=ar
am_cv_make_support_nested_variables=yes
am_cv_prog_cc_c_o=yes
ax_cv_PTHREAD_CLANG=no
ax_cv_PTHREAD_JOINABLE_ATTR=PTHREAD_CREATE_JOINABLE
ax_cv_PTHREAD_PRIO_INHERIT=yes
ax_cv_PTHREAD_SPECIAL_FLAGS=no
cc_cv_cflags__Wall=yes
cc_cv_cflags__Werror=yes
cc_cv_cflags__Wextra=yes
cc_cv_cflags__Wno_long_long=yes
cc_cv_cflags__Wno_unused_parameter=yes
cc_cv_cflags__Wstrict_prototypes=yes
cc_cv_cflags__fvisibility_hidden=yes
cc_cv_cflags__g=yes
cc_cv_cflags__std_gnu89=yes
cc_cv_flag_visibility=yes
cc_cv_werror=-Werror
lt_cv_ar_at_file=@
lt_cv_deplibs_check_method=pass_all
lt_cv_file_magic_cmd='$MAGIC_CMD'
lt_cv_file_magic_test_file=
lt_cv_ld_reload_flag=-r
lt_cv_nm_interface='BSD nm'
lt_cv_objdir=.libs
lt_cv_path_LD=/usr/bin/ld
lt_cv_path_NM='/usr/bin/nm -B'
lt_cv_path_mainfest_tool=no
lt_cv_prog_compiler_c_o=yes
lt_cv_prog_compiler_pic='-fPIC -DPIC'
lt_cv_prog_compiler_pic_works=yes
lt_cv_prog_compiler_rtti_exceptions=no
lt_cv_prog_compiler_static_works=yes
lt_cv_prog_gnu_ld=yes
lt_cv_sharedlib_from_linklib_cmd='printf %s\n'
lt_cv_shlibpath_overrides_runpath=yes
lt_cv_sys_global_symbol_pipe='sed -n -e '\''s/^.*[	 ]\([ABCDGIRSTW][ABCDGIRSTW]*\)[	 ][	 ]*\([_A-Za-z][_A-Za-z0-9]*\)$/\1 \2 \2/p'\'' | sed '\''/ __gnu_lto/d'\'''
lt_cv_sys_global_symbol_to_c_name_address='sed -n -e '\''s/^: \(.*\) .*$/  {"\1", (void *) 0},/p'\'' -e '\''s/^[ABCDGIRSTW][ABCDGIRSTW]* .* \(.*\)$/  {"\1", (void *) \&\1},/p'\'''
lt_cv_sys_global_symbol_to_c_name_address_lib_prefix='sed -n -e '\''s/^: \(.*\) .*$/  {"\1", (void *) 0},/p'\'' -e '\''s/^[ABCDGIRSTW][ABCDGIRSTW]* .* \(lib.*\)$/  {"\1", (void *) \&\1},/p'\'' -e '\''s/^[ABCDGIRSTW][ABCDGIRSTW]* .* \(.*\)$/  {"lib\1", (void *) \&\1},/p'\'''
lt_cv_sys_global_symbol_to_cdecl='sed -n -e '\''s/^T .* \(.*\)$/extern int \1();/p'\'' -e '\''s/^[ABCDGIRSTW][ABCDGIRSTW]* .* \(.*\)$/extern char \1;/p'\'''
lt_cv_sys_global_symbol_to_import=
lt_cv_sys_max_cmd_len=1572864
lt_cv_to_host_file_cmd=func_convert_file_noop
lt_cv_to_tool_file_cmd=func_convert_file_noop
lt_cv_truncate_bin='/usr/bin/dd bs=4096 count=1'

## ----------------- ##
## Output variables. ##
## ----------------- ##

ACLOCAL='${SHELL} /root/xmrig/scripts/build/libuv-1.38.1/missing aclocal-1.16'
AIX_FALSE=''
AIX_TRUE='#'
AMDEPBACKSLASH='\'
AMDEP_FALSE='#'
AMDEP_TRUE=''
AMTAR='$${TAR-tar}'
AM_BACKSLASH='\'
AM_DEFAULT_V='$(AM_DEFAULT_VERBOSITY)'
AM_DEFAULT_VERBOSITY='0'
AM_V='$(V)'
ANDROID_FALSE=''
ANDROID_TRUE='#'
AR='ar'
AUTOCONF='${SHELL} /root/xmrig/scripts/build/libuv-1.38.1/missing autoconf'
AUTOHEADER='${SHELL} /root/xmrig/scripts/build/libuv-1.38.1/missing autoheader'
AUTOMAKE='${SHELL} /root/xmrig/scripts/build/libuv-1.38.1/missing automake-1.16'
AWK='gawk'
CC='gcc'
CCDEPMODE='depmode=gcc3'
CFLAGS='-g -O2 -g -std=gnu89 -Wall -Wextra -Wno-long-long -Wno-unused-parameter -Wstrict-prototypes -pthread'
CPP='gcc -E'
CPPFLAGS=''
CYGPATH_W='echo'
CYGWIN_FALSE=''
CYGWIN_TRUE='#'
DARWIN_FALSE=''
DARWIN_TRUE='#'
DEFS='-DPACKAGE_NAME=\"libuv\" -DPACKAGE_TARNAME=\"libuv\" -DPACKAGE_VERSION=\"1.38.1\" -DPACKAGE_STRING=\"libuv\ 1.38.1\" -DPACKAGE_BUGREPORT=\"https://github.com/libuv/libuv/issues\" -DPACKAGE_URL=\"\" -DPACKAGE=\"libuv\" -DVERSION=\"1.38.1\" -DSUPPORT_FLAG_VISIBILITY=1 -DSTDC_HEADERS=1 -DHAVE_SYS_TYPES_H=1 -DHAVE_SYS_STAT_H=1 -DHAVE_STDLIB_H=1 -DHAVE_STRING_H=1 -DHAVE_MEMORY_H=1 -DHAVE_STRINGS_H=1 -DHAVE_INTTYPES_H=1 -DHAVE_STDINT_H=1 -DHAVE_UNISTD_H=1 -DHAVE_DLFCN_H=1 -DLT_OBJDIR=\".libs/\" -DHAVE_PTHREAD_PRIO_INHERIT=1 -DHAVE_LIBDL=1'
DEPDIR='.deps'
DLLTOOL='false'
DRAGONFLY_FALSE=''
DRAGONFLY_TRUE='#'
DSYMUTIL=''
DUMPBIN=''
ECHO_C=''
ECHO_N='-n'
ECHO_T=''
EGREP='/usr/bin/grep -E'
EXEEXT=''
FGREP='/usr/bin/grep -F'
FREEBSD_FALSE=''
FREEBSD_TRUE='#'
GREP='/usr/bin/grep'
HAIKU_FALSE=''
HAIKU_TRUE='#'
HURD_FALSE=''
HURD_TRUE='#'
INSTALL_DATA='${INSTALL} -m 644'
INSTALL_PROGRAM='${INSTALL}'
INSTALL_SCRIPT='${INSTALL}'
INSTALL_STRIP_PROGRAM='$(install_sh) -c -s'
LD='/usr/bin/ld -m elf_x86_64'
LDFLAGS=''
LIBOBJS=''
LIBS='-ldl  '
LIBTOOL='$(SHELL) $(top_builddir)/libtool'
LINUX_FALSE='#'
LINUX_TRUE=''
LIPO=''
LN_S='ln -s'
LTLIBOBJS=''
LT_SYS_LIBRARY_PATH=''
MAKEINFO='${SHELL} /root/xmrig/scripts/build/libuv-1.38.1/missing makeinfo'
MANIFEST_TOOL=':'
MKDIR_P='/usr/bin/mkdir -p'
MSYS_FALSE=''
MSYS_TRUE='#'
NETBSD_FALSE=''
NETBSD_TRUE='#'
NM='/usr/bin/nm -B'
NMEDIT=''
OBJDUMP='objdump'
OBJEXT='o'
OPENBSD_FALSE=''
OPENBSD_TRUE='#'
OS390_FALSE=''
OS390_TRUE='#'
OS400_FALSE=''
OS400_TRUE='#'
OTOOL64=''
OTOOL=''
PACKAGE='libuv'
PACKAGE_BUGREPORT='https://github.com/libuv/libuv/issues'
PACKAGE_NAME='libuv'
PACKAGE_STRING='libuv 1.38.1'
PACKAGE_TARNAME='libuv'
PACKAGE_URL=''
PACKAGE_VERSION='1.38.1'
PATH_SEPARATOR=':'
PTHREAD_CC='gcc'
PTHREAD_CFLAGS='-pthread'
PTHREAD_LIBS=''
RANLIB='ranlib'
SED='/usr/bin/sed'
SET_MAKE=''
SHELL='/bin/bash'
STRIP='strip'
SUNOS_FALSE=''
SUNOS_TRUE='#'
VERSION='1.38.1'
WINNT_FALSE=''
WINNT_TRUE='#'
ac_ct_AR='ar'
ac_ct_CC='gcc'
ac_ct_DUMPBIN=''
am__EXEEXT_FALSE=''
am__EXEEXT_TRUE='#'
am__fastdepCC_FALSE='#'
am__fastdepCC_TRUE=''
am__include='include'
am__isrc=''
am__leading_dot='.'
am__nodep='_no'
am__quote=''
am__tar='$${TAR-tar} chof - "$$tardir"'
am__untar='$${TAR-tar} xf -'
ax_pthread_config=''
bindir='${exec_prefix}/bin'
build='x86_64-pc-linux-gnu'
build_alias=''
build_cpu='x86_64'
build_os='linux-gnu'
build_vendor='pc'
datadir='${datarootdir}'
datarootdir='${prefix}/share'
docdir='${datarootdir}/doc/${PACKAGE_TARNAME}'
dvidir='${docdir}'
exec_prefix='${prefix}'
host='x86_64-pc-linux-gnu'
host_alias=''
host_cpu='x86_64'
host_os='linux-gnu'
host_vendor='pc'
htmldir='${docdir}'
includedir='${prefix}/include'
infodir='${datarootdir}/info'
install_sh='${SHELL} /root/xmrig/scripts/build/libuv-1.38.1/install-sh'
libdir='${exec_prefix}/lib'
libexecdir='${exec_prefix}/libexec'
localedir='${datarootdir}/locale'
localstatedir='${prefix}/var'
mandir='${datarootdir}/man'
mkdir_p='$(MKDIR_P)'
oldincludedir='/usr/include'
pdfdir='${docdir}'
prefix='/usr/local'
program_transform_name='s,x,x,'
psdir='${docdir}'
runstatedir='${localstatedir}/run'
sbindir='${exec_prefix}/sbin'
sharedstatedir='${prefix}/com'
sysconfdir='${prefix}/etc'
target_alias=''

## ----------- ##
## confdefs.h. ##
## ----------- ##

/* confdefs.h */
#define PACKAGE_NAME "libuv"
#define PACKAGE_TARNAME "libuv"
#define PACKAGE_VERSION "1.38.1"
#define PACKAGE_STRING "libuv 1.38.1"
#define PACKAGE_BUGREPORT "https://github.com/libuv/libuv/issues"
#define PACKAGE_URL ""
#define PACKAGE "libuv"
#define VERSION "1.38.1"
#define SUPPORT_FLAG_VISIBILITY 1
#define STDC_HEADERS 1
#define HAVE_SYS_TYPES_H 1
#define HAVE_SYS_STAT_H 1
#define HAVE_STDLIB_H 1
#define HAVE_STRING_H 1
#define HAVE_MEMORY_H 1
#define HAVE_STRINGS_H 1
#define HAVE_INTTYPES_H 1
#define HAVE_STDINT_H 1
#define HAVE_UNISTD_H 1
#define HAVE_DLFCN_H 1
#define LT_OBJDIR ".libs/"
#define HAVE_PTHREAD_PRIO_INHERIT 1
#define HAVE_LIBDL 1

configure: exit 0
